[0.030s] Invoking command in '/home/piotr/projects/projektMiSwIS/ros2_ws/build/http_server': CMAKE_PREFIX_PATH=${CMAKE_PREFIX_PATH}:/opt/ros/jazzy /usr/bin/cmake --build /home/piotr/projects/projektMiSwIS/ros2_ws/build/http_server -- -j8 -l8
[0.125s] -- Found ament_cmake: 2.5.2 (/opt/ros/jazzy/share/ament_cmake/cmake)
[0.429s] -- Found rclcpp: 28.1.5 (/opt/ros/jazzy/share/rclcpp/cmake)
[0.611s] -- Found rosidl_generator_c: 4.6.4 (/opt/ros/jazzy/share/rosidl_generator_c/cmake)
[0.631s] -- Found rosidl_generator_cpp: 4.6.4 (/opt/ros/jazzy/share/rosidl_generator_cpp/cmake)
[0.660s] -- Using all available rosidl_typesupport_c: rosidl_typesupport_fastrtps_c;rosidl_typesupport_introspection_c
[0.688s] -- Using all available rosidl_typesupport_cpp: rosidl_typesupport_fastrtps_cpp;rosidl_typesupport_introspection_cpp
[0.810s] -- Found rmw_implementation_cmake: 7.3.1 (/opt/ros/jazzy/share/rmw_implementation_cmake/cmake)
[0.814s] -- Found rmw_fastrtps_cpp: 8.4.1 (/opt/ros/jazzy/share/rmw_fastrtps_cpp/cmake)
[1.101s] -- Using RMW implementation 'rmw_fastrtps_cpp' as default
[1.321s] -- Found std_msgs: 5.3.5 (/opt/ros/jazzy/share/std_msgs/cmake)
[1.347s] -- Found ament_lint_auto: 0.17.1 (/opt/ros/jazzy/share/ament_lint_auto/cmake)
[1.477s] [31mCMake Error at CMakeLists.txt:48 (configure_file):
[1.477s]   Permission denied
[1.477s] Call Stack (most recent call first):
[1.477s]   CMakeLists.txt:51 (copy_file)
[1.477s] 
[1.478s] [0m
[1.478s] [31mCMake Error at CMakeLists.txt:48 (configure_file):
[1.478s]   Permission denied
[1.478s] Call Stack (most recent call first):
[1.478s]   CMakeLists.txt:52 (copy_file)
[1.478s] 
[1.478s] [0m
[1.479s] [31mCMake Error at CMakeLists.txt:48 (configure_file):
[1.479s]   Permission denied
[1.479s] Call Stack (most recent call first):
[1.479s]   CMakeLists.txt:53 (copy_file)
[1.479s] 
[1.479s] [0m
[1.489s] -- Added test 'cppcheck' to perform static code analysis on C / C++ code
[1.489s] -- Configured cppcheck include dirs: /home/piotr/projects/projektMiSwIS/ros2_ws/http_server/include
[1.489s] -- Configured cppcheck exclude dirs and/or files: 
[1.491s] -- Added test 'lint_cmake' to check CMake code style
[1.493s] -- Added test 'uncrustify' to check C / C++ code style
[1.493s] -- Configured uncrustify additional arguments: 
[1.494s] -- Added test 'xmllint' to check XML markup files
[1.497s] -- Configuring incomplete, errors occurred!
[1.513s] gmake: *** [Makefile:294: cmake_check_build_system] Error 1
[1.517s] Invoked command in '/home/piotr/projects/projektMiSwIS/ros2_ws/build/http_server' returned '2': CMAKE_PREFIX_PATH=${CMAKE_PREFIX_PATH}:/opt/ros/jazzy /usr/bin/cmake --build /home/piotr/projects/projektMiSwIS/ros2_ws/build/http_server -- -j8 -l8
