[0.218s] DEBUG:colcon:Command line arguments: ['/usr/bin/colcon', 'build']
[0.218s] DEBUG:colcon:Parsed command line arguments: Namespace(log_base=None, log_level=None, verb_name='build', build_base='build', install_base='install', merge_install=False, symlink_install=False, test_result_base=None, continue_on_error=False, executor='parallel', parallel_workers=8, event_handlers=None, ignore_user_meta=False, metas=['./colcon.meta'], base_paths=['.'], packages_ignore=None, packages_ignore_regex=None, paths=None, packages_up_to=None, packages_up_to_regex=None, packages_above=None, packages_above_and_dependencies=None, packages_above_depth=None, packages_select_by_dep=None, packages_skip_by_dep=None, packages_skip_up_to=None, packages_select_build_failed=False, packages_skip_build_finished=False, packages_select_test_failures=False, packages_skip_test_passed=False, packages_select=None, packages_skip=None, packages_select_regex=None, packages_skip_regex=None, packages_start=None, packages_end=None, allow_overriding=[], cmake_args=None, cmake_target=None, cmake_target_skip_unavailable=False, cmake_clean_cache=False, cmake_clean_first=False, cmake_force_configure=False, ament_cmake_args=None, catkin_cmake_args=None, catkin_skip_building_tests=False, mixin_files=None, mixin=None, verb_parser=<colcon_mixin.mixin.mixin_argument.MixinArgumentDecorator object at 0x7fda93337da0>, verb_extension=<colcon_core.verb.build.BuildVerb object at 0x7fda933379e0>, main=<bound method BuildVerb.main of <colcon_core.verb.build.BuildVerb object at 0x7fda933379e0>>, mixin_verb=('build',))
[0.265s] Level 1:colcon.colcon_core.package_discovery:discover_packages(colcon_meta) check parameters
[0.266s] Level 1:colcon.colcon_core.package_discovery:discover_packages(recursive) check parameters
[0.266s] Level 1:colcon.colcon_core.package_discovery:discover_packages(ignore) check parameters
[0.266s] Level 1:colcon.colcon_core.package_discovery:discover_packages(path) check parameters
[0.266s] Level 1:colcon.colcon_core.package_discovery:discover_packages(colcon_meta) discover
[0.266s] Level 1:colcon.colcon_core.package_discovery:discover_packages(recursive) discover
[0.266s] INFO:colcon.colcon_core.package_discovery:Crawling recursively for packages in '/home/piotr/projects/projektMiSwIS/ros2_ws'
[0.266s] Level 1:colcon.colcon_core.package_identification:_identify(.) by extensions ['ignore', 'ignore_ament_install']
[0.266s] Level 1:colcon.colcon_core.package_identification:_identify(.) by extension 'ignore'
[0.266s] Level 1:colcon.colcon_core.package_identification:_identify(.) by extension 'ignore_ament_install'
[0.266s] Level 1:colcon.colcon_core.package_identification:_identify(.) by extensions ['colcon_pkg']
[0.266s] Level 1:colcon.colcon_core.package_identification:_identify(.) by extension 'colcon_pkg'
[0.266s] Level 1:colcon.colcon_core.package_identification:_identify(.) by extensions ['colcon_meta']
[0.266s] Level 1:colcon.colcon_core.package_identification:_identify(.) by extension 'colcon_meta'
[0.266s] Level 1:colcon.colcon_core.package_identification:_identify(.) by extensions ['ros']
[0.266s] Level 1:colcon.colcon_core.package_identification:_identify(.) by extension 'ros'
[0.301s] Level 1:colcon.colcon_core.package_identification:_identify(.) by extensions ['cmake', 'python']
[0.301s] Level 1:colcon.colcon_core.package_identification:_identify(.) by extension 'cmake'
[0.301s] Level 1:colcon.colcon_core.package_identification:_identify(.) by extension 'python'
[0.301s] Level 1:colcon.colcon_core.package_identification:_identify(.) by extensions ['python_setup_py']
[0.301s] Level 1:colcon.colcon_core.package_identification:_identify(.) by extension 'python_setup_py'
[0.301s] Level 1:colcon.colcon_core.package_identification:_identify(build) by extensions ['ignore', 'ignore_ament_install']
[0.301s] Level 1:colcon.colcon_core.package_identification:_identify(build) by extension 'ignore'
[0.301s] Level 1:colcon.colcon_core.package_identification:_identify(build) ignored
[0.302s] Level 1:colcon.colcon_core.package_identification:_identify(http_server) by extensions ['ignore', 'ignore_ament_install']
[0.302s] Level 1:colcon.colcon_core.package_identification:_identify(http_server) by extension 'ignore'
[0.302s] Level 1:colcon.colcon_core.package_identification:_identify(http_server) by extension 'ignore_ament_install'
[0.302s] Level 1:colcon.colcon_core.package_identification:_identify(http_server) by extensions ['colcon_pkg']
[0.302s] Level 1:colcon.colcon_core.package_identification:_identify(http_server) by extension 'colcon_pkg'
[0.302s] Level 1:colcon.colcon_core.package_identification:_identify(http_server) by extensions ['colcon_meta']
[0.302s] Level 1:colcon.colcon_core.package_identification:_identify(http_server) by extension 'colcon_meta'
[0.302s] Level 1:colcon.colcon_core.package_identification:_identify(http_server) by extensions ['ros']
[0.302s] Level 1:colcon.colcon_core.package_identification:_identify(http_server) by extension 'ros'
[0.305s] DEBUG:colcon.colcon_core.package_identification:Package 'http_server' with type 'ros.ament_cmake' and name 'http_server'
[0.305s] Level 1:colcon.colcon_core.package_identification:_identify(install) by extensions ['ignore', 'ignore_ament_install']
[0.305s] Level 1:colcon.colcon_core.package_identification:_identify(install) by extension 'ignore'
[0.305s] Level 1:colcon.colcon_core.package_identification:_identify(install) ignored
[0.306s] Level 1:colcon.colcon_core.package_identification:_identify(log) by extensions ['ignore', 'ignore_ament_install']
[0.306s] Level 1:colcon.colcon_core.package_identification:_identify(log) by extension 'ignore'
[0.306s] Level 1:colcon.colcon_core.package_identification:_identify(log) ignored
[0.306s] Level 1:colcon.colcon_core.package_discovery:discover_packages(recursive) using defaults
[0.306s] Level 1:colcon.colcon_core.package_discovery:discover_packages(ignore) discover
[0.306s] Level 1:colcon.colcon_core.package_discovery:discover_packages(ignore) using defaults
[0.306s] Level 1:colcon.colcon_core.package_discovery:discover_packages(path) discover
[0.306s] Level 1:colcon.colcon_core.package_discovery:discover_packages(path) using defaults
[0.328s] Level 1:colcon.colcon_core.package_discovery:discover_packages(prefix_path) check parameters
[0.328s] Level 1:colcon.colcon_core.package_discovery:discover_packages(prefix_path) discover
[0.330s] DEBUG:colcon.colcon_installed_package_information.package_discovery:Found 1 installed packages in /home/piotr/projects/projektMiSwIS/ros2_ws/install
[0.332s] DEBUG:colcon.colcon_installed_package_information.package_discovery:Found 285 installed packages in /opt/ros/jazzy
[0.335s] Level 1:colcon.colcon_core.package_discovery:discover_packages(prefix_path) using defaults
[0.385s] Level 5:colcon.colcon_core.verb:set package 'http_server' build argument 'cmake_args' from command line to 'None'
[0.386s] Level 5:colcon.colcon_core.verb:set package 'http_server' build argument 'cmake_target' from command line to 'None'
[0.386s] Level 5:colcon.colcon_core.verb:set package 'http_server' build argument 'cmake_target_skip_unavailable' from command line to 'False'
[0.386s] Level 5:colcon.colcon_core.verb:set package 'http_server' build argument 'cmake_clean_cache' from command line to 'False'
[0.386s] Level 5:colcon.colcon_core.verb:set package 'http_server' build argument 'cmake_clean_first' from command line to 'False'
[0.386s] Level 5:colcon.colcon_core.verb:set package 'http_server' build argument 'cmake_force_configure' from command line to 'False'
[0.386s] Level 5:colcon.colcon_core.verb:set package 'http_server' build argument 'ament_cmake_args' from command line to 'None'
[0.386s] Level 5:colcon.colcon_core.verb:set package 'http_server' build argument 'catkin_cmake_args' from command line to 'None'
[0.386s] Level 5:colcon.colcon_core.verb:set package 'http_server' build argument 'catkin_skip_building_tests' from command line to 'False'
[0.386s] DEBUG:colcon.colcon_core.verb:Building package 'http_server' with the following arguments: {'ament_cmake_args': None, 'build_base': '/home/piotr/projects/projektMiSwIS/ros2_ws/build/http_server', 'catkin_cmake_args': None, 'catkin_skip_building_tests': False, 'cmake_args': None, 'cmake_clean_cache': False, 'cmake_clean_first': False, 'cmake_force_configure': False, 'cmake_target': None, 'cmake_target_skip_unavailable': False, 'install_base': '/home/piotr/projects/projektMiSwIS/ros2_ws/install/http_server', 'merge_install': False, 'path': '/home/piotr/projects/projektMiSwIS/ros2_ws/http_server', 'symlink_install': False, 'test_result_base': None}
[0.386s] INFO:colcon.colcon_core.executor:Executing jobs using 'parallel' executor
[0.387s] DEBUG:colcon.colcon_parallel_executor.executor.parallel:run_until_complete
[0.388s] INFO:colcon.colcon_ros.task.ament_cmake.build:Building ROS package in '/home/piotr/projects/projektMiSwIS/ros2_ws/http_server' with build type 'ament_cmake'
[0.388s] INFO:colcon.colcon_cmake.task.cmake.build:Building CMake package in '/home/piotr/projects/projektMiSwIS/ros2_ws/http_server'
[0.392s] INFO:colcon.colcon_core.plugin_system:Skipping extension 'colcon_core.shell.bat': Not used on non-Windows systems
[0.392s] INFO:colcon.colcon_core.shell:Skip shell extension 'powershell' for command environment: Not usable outside of PowerShell
[0.392s] DEBUG:colcon.colcon_core.shell:Skip shell extension 'dsv' for command environment
[0.410s] DEBUG:colcon.colcon_core.event_handler.log_command:Invoking command in '/home/piotr/projects/projektMiSwIS/ros2_ws/build/http_server': CMAKE_PREFIX_PATH=${CMAKE_PREFIX_PATH}:/opt/ros/jazzy /usr/bin/cmake /home/piotr/projects/projektMiSwIS/ros2_ws/http_server -DCMAKE_INSTALL_PREFIX=/home/piotr/projects/projektMiSwIS/ros2_ws/install/http_server
[2.516s] DEBUG:colcon.colcon_core.event_handler.log_command:Invoked command in '/home/piotr/projects/projektMiSwIS/ros2_ws/build/http_server' returned '0': CMAKE_PREFIX_PATH=${CMAKE_PREFIX_PATH}:/opt/ros/jazzy /usr/bin/cmake /home/piotr/projects/projektMiSwIS/ros2_ws/http_server -DCMAKE_INSTALL_PREFIX=/home/piotr/projects/projektMiSwIS/ros2_ws/install/http_server
[2.519s] DEBUG:colcon.colcon_core.event_handler.log_command:Invoking command in '/home/piotr/projects/projektMiSwIS/ros2_ws/build/http_server': CMAKE_PREFIX_PATH=${CMAKE_PREFIX_PATH}:/opt/ros/jazzy /usr/bin/cmake --build /home/piotr/projects/projektMiSwIS/ros2_ws/build/http_server -- -j8 -l8
[8.450s] Level 1:colcon.colcon_core.environment:create_environment_scripts_only(http_server)
[8.451s] DEBUG:colcon.colcon_core.event_handler.log_command:Invoked command in '/home/piotr/projects/projektMiSwIS/ros2_ws/build/http_server' returned '2': CMAKE_PREFIX_PATH=${CMAKE_PREFIX_PATH}:/opt/ros/jazzy /usr/bin/cmake --build /home/piotr/projects/projektMiSwIS/ros2_ws/build/http_server -- -j8 -l8
[8.453s] Level 1:colcon.colcon_core.environment:checking '/home/piotr/projects/projektMiSwIS/ros2_ws/install/http_server' for CMake module files
[8.453s] Level 1:colcon.colcon_core.environment:checking '/home/piotr/projects/projektMiSwIS/ros2_ws/install/http_server' for CMake config files
[8.454s] Level 1:colcon.colcon_core.environment:checking '/home/piotr/projects/projektMiSwIS/ros2_ws/install/http_server/bin'
[8.454s] Level 1:colcon.colcon_core.environment:checking '/home/piotr/projects/projektMiSwIS/ros2_ws/install/http_server/lib/pkgconfig/http_server.pc'
[8.454s] Level 1:colcon.colcon_core.environment:checking '/home/piotr/projects/projektMiSwIS/ros2_ws/install/http_server/lib/python3.12/site-packages'
[8.454s] Level 1:colcon.colcon_core.environment:checking '/home/piotr/projects/projektMiSwIS/ros2_ws/install/http_server/bin'
[8.455s] INFO:colcon.colcon_core.shell:Creating package script '/home/piotr/projects/projektMiSwIS/ros2_ws/install/http_server/share/http_server/package.ps1'
[8.455s] INFO:colcon.colcon_core.shell:Creating package descriptor '/home/piotr/projects/projektMiSwIS/ros2_ws/install/http_server/share/http_server/package.dsv'
[8.456s] INFO:colcon.colcon_core.shell:Creating package script '/home/piotr/projects/projektMiSwIS/ros2_ws/install/http_server/share/http_server/package.sh'
[8.457s] INFO:colcon.colcon_core.shell:Creating package script '/home/piotr/projects/projektMiSwIS/ros2_ws/install/http_server/share/http_server/package.bash'
[8.457s] INFO:colcon.colcon_core.shell:Creating package script '/home/piotr/projects/projektMiSwIS/ros2_ws/install/http_server/share/http_server/package.zsh'
[8.458s] Level 1:colcon.colcon_core.environment:create_file_with_runtime_dependencies(/home/piotr/projects/projektMiSwIS/ros2_ws/install/http_server/share/colcon-core/packages/http_server)
[8.469s] DEBUG:colcon.colcon_parallel_executor.executor.parallel:closing loop
[8.469s] DEBUG:colcon.colcon_parallel_executor.executor.parallel:loop closed
[8.469s] DEBUG:colcon.colcon_parallel_executor.executor.parallel:run_until_complete finished with '2'
[8.470s] DEBUG:colcon.colcon_core.event_reactor:joining thread
[8.479s] INFO:colcon.colcon_core.plugin_system:Skipping extension 'colcon_notification.desktop_notification.terminal_notifier': Not used on non-Darwin systems
[8.479s] INFO:colcon.colcon_core.plugin_system:Skipping extension 'colcon_notification.desktop_notification.win32': Not used on non-Windows systems
[8.479s] INFO:colcon.colcon_notification.desktop_notification:Sending desktop notification using 'notify2'
[8.481s] DEBUG:colcon.colcon_notification.desktop_notification.notify2:Failed to initialize notify2: org.freedesktop.DBus.Error.ServiceUnknown: The name org.freedesktop.Notifications was not provided by any .service files
[8.482s] DEBUG:colcon.colcon_core.event_reactor:joined thread
[8.482s] INFO:colcon.colcon_core.shell:Creating prefix script '/home/piotr/projects/projektMiSwIS/ros2_ws/install/local_setup.ps1'
[8.483s] INFO:colcon.colcon_core.shell:Creating prefix util module '/home/piotr/projects/projektMiSwIS/ros2_ws/install/_local_setup_util_ps1.py'
[8.485s] INFO:colcon.colcon_core.shell:Creating prefix chain script '/home/piotr/projects/projektMiSwIS/ros2_ws/install/setup.ps1'
[8.486s] INFO:colcon.colcon_core.shell:Creating prefix script '/home/piotr/projects/projektMiSwIS/ros2_ws/install/local_setup.sh'
[8.487s] INFO:colcon.colcon_core.shell:Creating prefix util module '/home/piotr/projects/projektMiSwIS/ros2_ws/install/_local_setup_util_sh.py'
[8.488s] INFO:colcon.colcon_core.shell:Creating prefix chain script '/home/piotr/projects/projektMiSwIS/ros2_ws/install/setup.sh'
[8.489s] INFO:colcon.colcon_core.shell:Creating prefix script '/home/piotr/projects/projektMiSwIS/ros2_ws/install/local_setup.bash'
[8.490s] INFO:colcon.colcon_core.shell:Creating prefix chain script '/home/piotr/projects/projektMiSwIS/ros2_ws/install/setup.bash'
[8.491s] INFO:colcon.colcon_core.shell:Creating prefix script '/home/piotr/projects/projektMiSwIS/ros2_ws/install/local_setup.zsh'
[8.492s] INFO:colcon.colcon_core.shell:Creating prefix chain script '/home/piotr/projects/projektMiSwIS/ros2_ws/install/setup.zsh'
