[0.019s] Invoking command in '/home/piotr/projects/projektMiSwIS/ros2_ws/build/http_server': CMAKE_PREFIX_PATH=${CMAKE_PREFIX_PATH}:/opt/ros/jazzy /usr/bin/cmake /home/piotr/projects/projektMiSwIS/ros2_ws/http_server -DCMAKE_INSTALL_PREFIX=/home/piotr/projects/projektMiSwIS/ros2_ws/install/http_server
[0.034s] -- Found ament_cmake: 2.5.2 (/opt/ros/jazzy/share/ament_cmake/cmake)
[0.292s] -- Found rclcpp: 28.1.5 (/opt/ros/jazzy/share/rclcpp/cmake)
[0.468s] -- Found rosidl_generator_c: 4.6.4 (/opt/ros/jazzy/share/rosidl_generator_c/cmake)
[0.481s] -- Found rosidl_generator_cpp: 4.6.4 (/opt/ros/jazzy/share/rosidl_generator_cpp/cmake)
[0.498s] -- Using all available rosidl_typesupport_c: rosidl_typesupport_fastrtps_c;rosidl_typesupport_introspection_c
[0.515s] -- Using all available rosidl_typesupport_cpp: rosidl_typesupport_fastrtps_cpp;rosidl_typesupport_introspection_cpp
[0.590s] -- Found rmw_implementation_cmake: 7.3.1 (/opt/ros/jazzy/share/rmw_implementation_cmake/cmake)
[0.592s] -- Found rmw_fastrtps_cpp: 8.4.1 (/opt/ros/jazzy/share/rmw_fastrtps_cpp/cmake)
[0.868s] -- Using RMW implementation 'rmw_fastrtps_cpp' as default
[1.077s] -- Found std_msgs: 5.3.5 (/opt/ros/jazzy/share/std_msgs/cmake)
[1.095s] -- Found ament_lint_auto: 0.17.1 (/opt/ros/jazzy/share/ament_lint_auto/cmake)
[1.216s] -- Added test 'cppcheck' to perform static code analysis on C / C++ code
[1.217s] -- Configured cppcheck include dirs: 
[1.217s] -- Configured cppcheck exclude dirs and/or files: 
[1.217s] -- Added test 'lint_cmake' to check CMake code style
[1.219s] -- Added test 'uncrustify' to check C / C++ code style
[1.219s] -- Configured uncrustify additional arguments: 
[1.220s] -- Added test 'xmllint' to check XML markup files
[1.223s] [0mCMake Error: File /home/piotr/projects/projektMiSwIS/ros2_ws/http_server/src/index.html does not exist.[0m
[1.223s] [31mCMake Error at CMakeLists.txt:52 (configure_file):
[1.223s]   configure_file Problem configuring file
[1.223s] Call Stack (most recent call first):
[1.223s]   CMakeLists.txt:55 (copy_file)
[1.224s] 
[1.224s] [0m
[1.224s] [0mCMake Error: File /home/piotr/projects/projektMiSwIS/ros2_ws/http_server/src/prog.js does not exist.[0m
[1.224s] [31mCMake Error at CMakeLists.txt:52 (configure_file):
[1.224s]   configure_file Problem configuring file
[1.224s] Call Stack (most recent call first):
[1.224s]   CMakeLists.txt:56 (copy_file)
[1.224s] 
[1.225s] [0m
[1.225s] [0mCMake Error: File /home/piotr/projects/projektMiSwIS/ros2_ws/http_server/src/style.css does not exist.[0m
[1.225s] [31mCMake Error at CMakeLists.txt:52 (configure_file):
[1.225s]   configure_file Problem configuring file
[1.225s] Call Stack (most recent call first):
[1.225s]   CMakeLists.txt:57 (copy_file)
[1.225s] 
[1.225s] [0m
[1.226s] -- Configuring incomplete, errors occurred!
[1.233s] Invoked command in '/home/piotr/projects/projektMiSwIS/ros2_ws/build/http_server' returned '1': CMAKE_PREFIX_PATH=${CMAKE_PREFIX_PATH}:/opt/ros/jazzy /usr/bin/cmake /home/piotr/projects/projektMiSwIS/ros2_ws/http_server -DCMAKE_INSTALL_PREFIX=/home/piotr/projects/projektMiSwIS/ros2_ws/install/http_server
