[0.017s] Invoking command in '/home/piotr/projects/projektMiSwIS/ros2_ws/build/http_server': CMAKE_PREFIX_PATH=${CMAKE_PREFIX_PATH}:/opt/ros/jazzy /usr/bin/cmake --build /home/piotr/projects/projektMiSwIS/ros2_ws/build/http_server -- -j8 -l8
[0.052s] -- Found ament_cmake: 2.5.2 (/opt/ros/jazzy/share/ament_cmake/cmake)
[0.323s] -- Found rclcpp: 28.1.5 (/opt/ros/jazzy/share/rclcpp/cmake)
[0.483s] -- Found rosidl_generator_c: 4.6.4 (/opt/ros/jazzy/share/rosidl_generator_c/cmake)
[0.494s] -- Found rosidl_generator_cpp: 4.6.4 (/opt/ros/jazzy/share/rosidl_generator_cpp/cmake)
[0.510s] -- Using all available rosidl_typesupport_c: rosidl_typesupport_fastrtps_c;rosidl_typesupport_introspection_c
[0.526s] -- Using all available rosidl_typesupport_cpp: rosidl_typesupport_fastrtps_cpp;rosidl_typesupport_introspection_cpp
[0.613s] -- Found rmw_implementation_cmake: 7.3.1 (/opt/ros/jazzy/share/rmw_implementation_cmake/cmake)
[0.615s] -- Found rmw_fastrtps_cpp: 8.4.1 (/opt/ros/jazzy/share/rmw_fastrtps_cpp/cmake)
[0.873s] -- Using RMW implementation 'rmw_fastrtps_cpp' as default
[1.085s] -- Found std_msgs: 5.3.5 (/opt/ros/jazzy/share/std_msgs/cmake)
[1.102s] -- Found ament_lint_auto: 0.17.1 (/opt/ros/jazzy/share/ament_lint_auto/cmake)
[1.224s] -- Added test 'cppcheck' to perform static code analysis on C / C++ code
[1.224s] -- Configured cppcheck include dirs: /home/piotr/projects/projektMiSwIS/ros2_ws/http_server/include
[1.224s] -- Configured cppcheck exclude dirs and/or files: 
[1.225s] -- Added test 'lint_cmake' to check CMake code style
[1.227s] -- Added test 'uncrustify' to check C / C++ code style
[1.227s] -- Configured uncrustify additional arguments: 
[1.228s] -- Added test 'xmllint' to check XML markup files
[1.229s] -- Configuring done (1.2s)
[1.259s] -- Generating done (0.0s)
[1.265s] -- Build files have been written to: /home/piotr/projects/projektMiSwIS/ros2_ws/build/http_server
[1.333s] [100%] Built target http_server
[1.350s] Invoked command in '/home/piotr/projects/projektMiSwIS/ros2_ws/build/http_server' returned '0': CMAKE_PREFIX_PATH=${CMAKE_PREFIX_PATH}:/opt/ros/jazzy /usr/bin/cmake --build /home/piotr/projects/projektMiSwIS/ros2_ws/build/http_server -- -j8 -l8
[1.365s] Invoking command in '/home/piotr/projects/projektMiSwIS/ros2_ws/build/http_server': CMAKE_PREFIX_PATH=${CMAKE_PREFIX_PATH}:/opt/ros/jazzy /usr/bin/cmake --install /home/piotr/projects/projektMiSwIS/ros2_ws/build/http_server
[1.374s] -- Install configuration: ""
[1.376s] -- Up-to-date: /home/piotr/projects/projektMiSwIS/ros2_ws/install/http_server/lib/http_server/http_server
[1.377s] -- Up-to-date: /home/piotr/projects/projektMiSwIS/ros2_ws/install/http_server/share/ament_index/resource_index/package_run_dependencies/http_server
[1.377s] -- Up-to-date: /home/piotr/projects/projektMiSwIS/ros2_ws/install/http_server/share/ament_index/resource_index/parent_prefix_path/http_server
[1.378s] -- Up-to-date: /home/piotr/projects/projektMiSwIS/ros2_ws/install/http_server/share/http_server/environment/ament_prefix_path.sh
[1.378s] -- Up-to-date: /home/piotr/projects/projektMiSwIS/ros2_ws/install/http_server/share/http_server/environment/ament_prefix_path.dsv
[1.379s] -- Up-to-date: /home/piotr/projects/projektMiSwIS/ros2_ws/install/http_server/share/http_server/environment/path.sh
[1.379s] -- Up-to-date: /home/piotr/projects/projektMiSwIS/ros2_ws/install/http_server/share/http_server/environment/path.dsv
[1.380s] -- Up-to-date: /home/piotr/projects/projektMiSwIS/ros2_ws/install/http_server/share/http_server/local_setup.bash
[1.380s] -- Up-to-date: /home/piotr/projects/projektMiSwIS/ros2_ws/install/http_server/share/http_server/local_setup.sh
[1.380s] -- Up-to-date: /home/piotr/projects/projektMiSwIS/ros2_ws/install/http_server/share/http_server/local_setup.zsh
[1.381s] -- Up-to-date: /home/piotr/projects/projektMiSwIS/ros2_ws/install/http_server/share/http_server/local_setup.dsv
[1.381s] -- Installing: /home/piotr/projects/projektMiSwIS/ros2_ws/install/http_server/share/http_server/package.dsv
[1.381s] -- Up-to-date: /home/piotr/projects/projektMiSwIS/ros2_ws/install/http_server/share/ament_index/resource_index/packages/http_server
[1.381s] -- Up-to-date: /home/piotr/projects/projektMiSwIS/ros2_ws/install/http_server/share/http_server/cmake/http_serverConfig.cmake
[1.382s] -- Up-to-date: /home/piotr/projects/projektMiSwIS/ros2_ws/install/http_server/share/http_server/cmake/http_serverConfig-version.cmake
[1.382s] -- Up-to-date: /home/piotr/projects/projektMiSwIS/ros2_ws/install/http_server/share/http_server/package.xml
[1.384s] Invoked command in '/home/piotr/projects/projektMiSwIS/ros2_ws/build/http_server' returned '0': CMAKE_PREFIX_PATH=${CMAKE_PREFIX_PATH}:/opt/ros/jazzy /usr/bin/cmake --install /home/piotr/projects/projektMiSwIS/ros2_ws/build/http_server
