[0.021s] Invoking command in '/home/piotr/projects/projektMiSwIS/ros2_ws/build/http_server': CMAKE_PREFIX_PATH=${CMAKE_PREFIX_PATH}:/opt/ros/jazzy /usr/bin/cmake --build /home/piotr/projects/projektMiSwIS/ros2_ws/build/http_server -- -j8 -l8
[0.100s] -- Found ament_cmake: 2.5.2 (/opt/ros/jazzy/share/ament_cmake/cmake)
[0.659s] -- Found rclcpp: 28.1.5 (/opt/ros/jazzy/share/rclcpp/cmake)
[0.975s] -- Found rosidl_generator_c: 4.6.4 (/opt/ros/jazzy/share/rosidl_generator_c/cmake)
[0.995s] -- Found rosidl_generator_cpp: 4.6.4 (/opt/ros/jazzy/share/rosidl_generator_cpp/cmake)
[1.022s] -- Using all available rosidl_typesupport_c: rosidl_typesupport_fastrtps_c;rosidl_typesupport_introspection_c
[1.050s] -- Using all available rosidl_typesupport_cpp: rosidl_typesupport_fastrtps_cpp;rosidl_typesupport_introspection_cpp
[1.175s] -- Found rmw_implementation_cmake: 7.3.1 (/opt/ros/jazzy/share/rmw_implementation_cmake/cmake)
[1.179s] -- Found rmw_fastrtps_cpp: 8.4.1 (/opt/ros/jazzy/share/rmw_fastrtps_cpp/cmake)
[1.483s] -- Using RMW implementation 'rmw_fastrtps_cpp' as default
[1.782s] -- Found std_msgs: 5.3.5 (/opt/ros/jazzy/share/std_msgs/cmake)
[1.810s] -- Found ament_lint_auto: 0.17.1 (/opt/ros/jazzy/share/ament_lint_auto/cmake)
[2.022s] [31mCMake Error at CMakeLists.txt:48 (configure_file):
[2.022s]   Permission denied
[2.022s] Call Stack (most recent call first):
[2.022s]   CMakeLists.txt:51 (copy_file)
[2.023s] 
[2.023s] [0m
[2.024s] [31mCMake Error at CMakeLists.txt:48 (configure_file):
[2.024s]   Permission denied
[2.024s] Call Stack (most recent call first):
[2.024s]   CMakeLists.txt:52 (copy_file)
[2.025s] 
[2.025s] [0m
[2.025s] [31mCMake Error at CMakeLists.txt:48 (configure_file):
[2.025s]   Permission denied
[2.026s] Call Stack (most recent call first):
[2.026s]   CMakeLists.txt:53 (copy_file)
[2.026s] 
[2.026s] [0m
[2.043s] -- Added test 'cppcheck' to perform static code analysis on C / C++ code
[2.043s] -- Configured cppcheck include dirs: /home/piotr/projects/projektMiSwIS/ros2_ws/http_server/include
[2.043s] -- Configured cppcheck exclude dirs and/or files: 
[2.046s] -- Added test 'lint_cmake' to check CMake code style
[2.051s] -- Added test 'uncrustify' to check C / C++ code style
[2.051s] -- Configured uncrustify additional arguments: 
[2.053s] -- Added test 'xmllint' to check XML markup files
[2.059s] -- Configuring incomplete, errors occurred!
[2.077s] gmake: *** [Makefile:294: cmake_check_build_system] Error 1
[2.085s] Invoked command in '/home/piotr/projects/projektMiSwIS/ros2_ws/build/http_server' returned '2': CMAKE_PREFIX_PATH=${CMAKE_PREFIX_PATH}:/opt/ros/jazzy /usr/bin/cmake --build /home/piotr/projects/projektMiSwIS/ros2_ws/build/http_server -- -j8 -l8
