[0.020s] Invoking command in '/home/piotr/projects/projektMiSwIS/ros2_ws/build/http_server': /usr/bin/cmake /home/piotr/projects/projektMiSwIS/ros2_ws/http_server -DCMAKE_INSTALL_PREFIX=/home/piotr/projects/projektMiSwIS/ros2_ws/install/http_server
[0.110s] -- Found ament_cmake: 2.5.2 (/opt/ros/jazzy/share/ament_cmake/cmake)
[3.093s] Traceback (most recent call last):
[3.093s]   File "/opt/ros/jazzy/share/ament_cmake_core/cmake/package_templates/templates_2_cmake.py", line 21, in <module>
[3.093s]     from ament_package.templates import get_environment_hook_template_path
[3.093s] ModuleNotFoundError: No module named 'ament_package'
[3.135s] [31mCMake Error at /opt/ros/jazzy/share/ament_cmake_core/cmake/ament_cmake_package_templates-extras.cmake:41 (message):
[3.135s]   execute_process(/usr/bin/python3
[3.135s]   /opt/ros/jazzy/share/ament_cmake_core/cmake/package_templates/templates_2_cmake.py
[3.135s]   /home/piotr/projects/projektMiSwIS/ros2_ws/build/http_server/ament_cmake_package_templates/templates.cmake)
[3.136s]   returned error code 1
[3.136s] Call Stack (most recent call first):
[3.136s]   /opt/ros/jazzy/share/ament_cmake_core/cmake/ament_cmake_coreConfig.cmake:41 (include)
[3.136s]   /opt/ros/jazzy/share/ament_cmake/cmake/ament_cmake_export_dependencies-extras.cmake:15 (find_package)
[3.136s]   /opt/ros/jazzy/share/ament_cmake/cmake/ament_cmakeConfig.cmake:41 (include)
[3.136s]   CMakeLists.txt:9 (find_package)
[3.136s] 
[3.137s] [0m
[3.137s] -- Configuring incomplete, errors occurred!
[3.147s] Invoked command in '/home/piotr/projects/projektMiSwIS/ros2_ws/build/http_server' returned '1': /usr/bin/cmake /home/piotr/projects/projektMiSwIS/ros2_ws/http_server -DCMAKE_INSTALL_PREFIX=/home/piotr/projects/projektMiSwIS/ros2_ws/install/http_server
